<?xml version="1.0" encoding="UTF-8"?>
<testsuite name="com.automation.testCases.Login.LoginFromStartViewTest" tests="8" skipped="0" failures="0" errors="0" timestamp="2019-06-05T12:03:29" hostname="DESKTOP-CCGNHEN" time="36.829">
  <properties/>
  <testcase name="fromStartpageLoginWithWrongCredential" classname="com.automation.testCases.Login.LoginFromStartViewTest" time="14.788"/>
  <testcase name="fromStartpageLoginWitDdifferentWrongCredential[0](Dren@email.com, test)" classname="com.automation.testCases.Login.LoginFromStartViewTest" time="5.393"/>
  <testcase name="fromStartpageLoginWithWrongCredential" classname="com.automation.testCases.Login.LoginFromStartViewTest" time="10.11"/>
  <testcase name="fromStartpageLoginWitDdifferentWrongCredential[1](test@email.com, abcabc)" classname="com.automation.testCases.Login.LoginFromStartViewTest" time="5.504"/>
  <testcase name="fromStartpageLoginWitDdifferentWrongCredential[0](Dren@email.com, test)" classname="com.automation.testCases.Login.LoginFromStartViewTest" time="4.149"/>
  <testcase name="fromStartpageLoginWitDdifferentWrongCredential[2](test@emailcom,  )" classname="com.automation.testCases.Login.LoginFromStartViewTest" time="5.376"/>
  <testcase name="fromStartpageLoginWitDdifferentWrongCredential[1](test@email.com, abcabc)" classname="com.automation.testCases.Login.LoginFromStartViewTest" time="4.017"/>
  <testcase name="fromStartpageLoginWitDdifferentWrongCredential[2](test@emailcom,  )" classname="com.automation.testCases.Login.LoginFromStartViewTest" time="3.938"/>
  <system-out><![CDATA[]]></system-out>
  <system-err><![CDATA[Jun 05, 2019 2:02:55 PM com.automation.config.WebDriver createOrReuseDriver
INFO: CREATE driver for CB512DERZH
Jun 05, 2019 2:02:55 PM com.automation.config.WebDriver getCapabilities
INFO: Create DesiredCapabilities for device ID CB512DERZH
Jun 05, 2019 2:02:55 PM com.automation.config.WebDriver createDriver
INFO: -------Starts creating a driver for the device  CB512DERZH thread  Thread[TestNG,5,main]
Jun 05, 2019 2:02:55 PM com.automation.config.EnvironmentConfig appiumServerUrl
INFO: appiumIp is 127.0.0.1
Jun 05, 2019 2:02:55 PM com.automation.pageObjects.PatientMobileShowProfileSettingsPage deleteMyAccount
INFO: Start to delete my account
Jun 05, 2019 2:02:55 PM com.automation.helpFunctions.HelpFunctions waitForThePageObjectToBeLoadedToFindTheWebElement
INFO: The css string is icon-link.icon-link--delete
Jun 05, 2019 2:02:55 PM com.automation.helpFunctions.HelpFunctions waitForThePageObjectToBeLoadedToFindTheWebElement
INFO:  Waiting for Page Object to be instantiated 52RBB18123202825 loop nr 0
Jun 05, 2019 2:02:56 PM com.automation.helpFunctions.HelpFunctions waitForThePageObjectToBeLoadedToFindTheWebElement
INFO: In the loop  waiting for the Start Page 52RBB18123202825 loop nr 0 for element icon-link.icon-link--delete
Jun 05, 2019 2:03:05 PM com.automation.config.WebDriver createOrReuseDriver
INFO: CREATE driver for 52RBB18123202825
Jun 05, 2019 2:03:05 PM com.automation.config.WebDriver getCapabilities
INFO: Create DesiredCapabilities for device ID 52RBB18123202825
Jun 05, 2019 2:03:05 PM com.automation.config.WebDriver createDriver
INFO: -------Starts creating a driver for the device  52RBB18123202825 thread  Thread[TestNG,5,main]
Jun 05, 2019 2:03:05 PM com.automation.config.EnvironmentConfig appiumServerUrl
INFO: appiumIp is 127.0.0.1
Jun 05, 2019 2:03:06 PM io.appium.java_client.remote.AppiumCommandExecutor$1 lambda$0
INFO: Detected dialect: W3C
Jun 05, 2019 2:03:06 PM com.automation.helpFunctions.HelpFunctions waitForThePageObjectToBeLoadedToFindTheWebElement
INFO: The css string is .registration__debug-settings-button
Jun 05, 2019 2:03:06 PM com.automation.helpFunctions.HelpFunctions waitForThePageObjectToBeLoadedToFindTheWebElement
INFO:  Waiting for Page Object to be instantiated CB512DERZH loop nr 0
Jun 05, 2019 2:03:09 PM com.automation.helpFunctions.HelpFunctions waitForThePageObjectToBeLoadedToFindTheWebElement
INFO: In the loop  waiting for the Start Page CB512DERZH loop nr 0 for element .registration__debug-settings-button
Jun 05, 2019 2:03:12 PM com.automation.helpFunctions.HelpFunctions waitForThePageObjectToBeLoadedToFindTheWebElement
INFO: In the loop  waiting for the Start Page CB512DERZH loop nr 1 for element .registration__debug-settings-button
Jun 05, 2019 2:03:15 PM com.automation.helpFunctions.HelpFunctions waitForThePageObjectToBeLoadedToFindTheWebElement
INFO: In the loop  waiting for the Start Page CB512DERZH loop nr 2 for element .registration__debug-settings-button
Jun 05, 2019 2:03:18 PM com.automation.helpFunctions.HelpFunctions waitForThePageObjectToBeLoadedToFindTheWebElement
INFO: In the loop  waiting for the Start Page CB512DERZH loop nr 3 for element .registration__debug-settings-button
Jun 05, 2019 2:03:21 PM com.automation.helpFunctions.HelpFunctions waitForThePageObjectToBeLoadedToFindTheWebElement
INFO: In the loop  waiting for the Start Page CB512DERZH loop nr 4 for element .registration__debug-settings-button
Jun 05, 2019 2:03:24 PM com.automation.helpFunctions.HelpFunctions waitForThePageObjectToBeLoadedToFindTheWebElement
INFO: In the loop  waiting for the Start Page CB512DERZH loop nr 5 for element .registration__debug-settings-button
Jun 05, 2019 2:03:27 PM com.automation.helpFunctions.HelpFunctions waitForThePageObjectToBeLoadedToFindTheWebElement
INFO: In the loop  waiting for the Start Page CB512DERZH loop nr 6 for element .registration__debug-settings-button
Jun 05, 2019 2:03:28 PM io.appium.java_client.remote.AppiumCommandExecutor$1 lambda$0
INFO: Detected dialect: W3C
Jun 05, 2019 2:03:28 PM com.automation.helpFunctions.HelpFunctions waitForThePageObjectToBeLoadedToFindTheWebElement
INFO: The css string is .registration__debug-settings-button
Jun 05, 2019 2:03:28 PM com.automation.helpFunctions.HelpFunctions waitForThePageObjectToBeLoadedToFindTheWebElement
INFO:  Waiting for Page Object to be instantiated 52RBB18123202825 loop nr 0
Jun 05, 2019 2:03:29 PM com.automation.helpFunctions.HelpFunctions waitForThePageObjectToBeLoadedToFindTheWebElement
INFO: In the loop  waiting for the Start Page 52RBB18123202825 loop nr 0 for element .registration__debug-settings-button
Jun 05, 2019 2:03:29 PM com.automation.config.WebDriver createDriver
INFO: Created driver to RETURN : 52RBB18123202825
Jun 05, 2019 2:03:29 PM com.automation.pageObjects.StartPage clickOnDebugButton
INFO: Click Debug button
Jun 05, 2019 2:03:29 PM com.automation.helpFunctions.HelpFunctions waitForThePageObjectToBeLoadedToFindTheWebElement
INFO: The css string is button.registration__debug-settings-button
Jun 05, 2019 2:03:29 PM com.automation.helpFunctions.HelpFunctions waitForThePageObjectToBeLoadedToFindTheWebElement
INFO:  Waiting for Page Object to be instantiated 52RBB18123202825 loop nr 0
Jun 05, 2019 2:03:30 PM com.automation.helpFunctions.HelpFunctions waitForThePageObjectToBeLoadedToFindTheWebElement
INFO: In the loop  waiting for the Start Page CB512DERZH loop nr 7 for element .registration__debug-settings-button
Jun 05, 2019 2:03:33 PM com.automation.helpFunctions.HelpFunctions waitForThePageObjectToBeLoadedToFindTheWebElement
INFO: In the loop  waiting for the Start Page CB512DERZH loop nr 8 for element .registration__debug-settings-button
Jun 05, 2019 2:03:34 PM com.automation.helpFunctions.HelpFunctions waitForThePageObjectToBeLoadedToFindTheWebElement
INFO: In the loop  waiting for the Start Page 52RBB18123202825 loop nr 0 for element button.registration__debug-settings-button
Jun 05, 2019 2:03:34 PM com.automation.helpFunctions.HelpFunctions waitForThePageObjectToBeLoadedToFindTheWebElement
INFO: The css string is div.check-box__check
Jun 05, 2019 2:03:34 PM com.automation.helpFunctions.HelpFunctions waitForThePageObjectToBeLoadedToFindTheWebElement
INFO:  Waiting for Page Object to be instantiated 52RBB18123202825 loop nr 0
Jun 05, 2019 2:03:35 PM com.automation.helpFunctions.HelpFunctions waitForThePageObjectToBeLoadedToFindTheWebElement
INFO: In the loop  waiting for the Start Page 52RBB18123202825 loop nr 0 for element div.check-box__check
Jun 05, 2019 2:03:35 PM com.automation.pageObjects.DebugPage clickToCheckTheDebugValuesAndSeRadioButton
INFO: Select the debug check box
Jun 05, 2019 2:03:36 PM com.automation.helpFunctions.HelpFunctions waitForThePageObjectToBeLoadedToFindTheWebElement
INFO: In the loop  waiting for the Start Page CB512DERZH loop nr 9 for element .registration__debug-settings-button
Jun 05, 2019 2:03:37 PM com.automation.pageObjects.DebugPage tapTheButtonLogin
INFO: Select the debug check box
Jun 05, 2019 2:03:38 PM com.automation.pageObjects.AuthLoginPage enterLoginCredentials
INFO: Start typing the login credentials
Jun 05, 2019 2:03:38 PM com.automation.helpFunctions.HelpFunctions waitForThePageObjectToBeLoadedToFindTheWebElement
INFO: The css string is div.email__label
Jun 05, 2019 2:03:38 PM com.automation.helpFunctions.HelpFunctions waitForThePageObjectToBeLoadedToFindTheWebElement
INFO:  Waiting for Page Object to be instantiated 52RBB18123202825 loop nr 0
Jun 05, 2019 2:03:39 PM com.automation.helpFunctions.HelpFunctions waitForThePageObjectToBeLoadedToFindTheWebElement
INFO: In the loop  waiting for the Start Page 52RBB18123202825 loop nr 0 for element div.email__label
Jun 05, 2019 2:03:39 PM com.automation.helpFunctions.HelpFunctions waitForThePageObjectToBeLoadedToFindTheWebElement
INFO: In the loop  waiting for the Start Page CB512DERZH loop nr 10 for element .registration__debug-settings-button
Jun 05, 2019 2:03:43 PM com.automation.pageObjects.AuthLoginPage errorMessageTextIs
INFO: Get the error message to be verified 
Jun 05, 2019 2:03:43 PM com.automation.helpFunctions.HelpFunctions waitForThePageObjectToBeLoadedToFindTheWebElement
INFO: The css string is div.email__error
Jun 05, 2019 2:03:43 PM com.automation.helpFunctions.HelpFunctions waitForThePageObjectToBeLoadedToFindTheWebElement
INFO:  Waiting for Page Object to be instantiated 52RBB18123202825 loop nr 0
Jun 05, 2019 2:03:44 PM com.automation.helpFunctions.HelpFunctions waitForThePageObjectToBeLoadedToFindTheWebElement
INFO: In the loop  waiting for the Start Page CB512DERZH loop nr 11 for element .registration__debug-settings-button
Jun 05, 2019 2:03:44 PM com.automation.helpFunctions.HelpFunctions waitForThePageObjectToBeLoadedToFindTheWebElement
INFO: In the loop  waiting for the Start Page 52RBB18123202825 loop nr 0 for element div.email__error
Jun 05, 2019 2:03:44 PM com.automation.config.WebDriver createDriver
INFO: Created driver to RETURN : CB512DERZH
Jun 05, 2019 2:03:44 PM com.automation.pageObjects.StartPage clickOnDebugButton
INFO: Click Debug button
Jun 05, 2019 2:03:44 PM com.automation.helpFunctions.HelpFunctions waitForThePageObjectToBeLoadedToFindTheWebElement
INFO: The css string is button.registration__debug-settings-button
Jun 05, 2019 2:03:44 PM com.automation.helpFunctions.HelpFunctions waitForThePageObjectToBeLoadedToFindTheWebElement
INFO:  Waiting for Page Object to be instantiated CB512DERZH loop nr 0
Jun 05, 2019 2:03:44 PM com.automation.pageObjects.AuthLoginPage enterLoginCredentials
INFO: Start typing the login credentials
Jun 05, 2019 2:03:44 PM com.automation.helpFunctions.HelpFunctions waitForThePageObjectToBeLoadedToFindTheWebElement
INFO: The css string is div.email__label
Jun 05, 2019 2:03:44 PM com.automation.helpFunctions.HelpFunctions waitForThePageObjectToBeLoadedToFindTheWebElement
INFO:  Waiting for Page Object to be instantiated 52RBB18123202825 loop nr 0
Jun 05, 2019 2:03:45 PM com.automation.helpFunctions.HelpFunctions waitForThePageObjectToBeLoadedToFindTheWebElement
INFO: In the loop  waiting for the Start Page CB512DERZH loop nr 0 for element button.registration__debug-settings-button
Jun 05, 2019 2:03:45 PM com.automation.helpFunctions.HelpFunctions waitForThePageObjectToBeLoadedToFindTheWebElement
INFO: In the loop  waiting for the Start Page 52RBB18123202825 loop nr 0 for element div.email__label
Jun 05, 2019 2:03:46 PM com.automation.helpFunctions.HelpFunctions waitForThePageObjectToBeLoadedToFindTheWebElement
INFO: The css string is div.check-box__check
Jun 05, 2019 2:03:46 PM com.automation.helpFunctions.HelpFunctions waitForThePageObjectToBeLoadedToFindTheWebElement
INFO:  Waiting for Page Object to be instantiated CB512DERZH loop nr 0
Jun 05, 2019 2:03:47 PM com.automation.helpFunctions.HelpFunctions waitForThePageObjectToBeLoadedToFindTheWebElement
INFO: In the loop  waiting for the Start Page CB512DERZH loop nr 0 for element div.check-box__check
Jun 05, 2019 2:03:48 PM com.automation.pageObjects.DebugPage clickToCheckTheDebugValuesAndSeRadioButton
INFO: Select the debug check box
Jun 05, 2019 2:03:48 PM com.automation.pageObjects.AuthLoginPage errorMessageTextIs
INFO: Get the error message to be verified 
Jun 05, 2019 2:03:48 PM com.automation.helpFunctions.HelpFunctions waitForThePageObjectToBeLoadedToFindTheWebElement
INFO: The css string is div.email__error
Jun 05, 2019 2:03:48 PM com.automation.helpFunctions.HelpFunctions waitForThePageObjectToBeLoadedToFindTheWebElement
INFO:  Waiting for Page Object to be instantiated 52RBB18123202825 loop nr 0
Jun 05, 2019 2:03:48 PM com.automation.pageObjects.DebugPage tapTheButtonLogin
INFO: Select the debug check box
Jun 05, 2019 2:03:49 PM com.automation.helpFunctions.HelpFunctions waitForThePageObjectToBeLoadedToFindTheWebElement
INFO: In the loop  waiting for the Start Page 52RBB18123202825 loop nr 0 for element div.email__error
Jun 05, 2019 2:03:49 PM com.automation.pageObjects.AuthLoginPage enterLoginCredentials
INFO: Start typing the login credentials
Jun 05, 2019 2:03:49 PM com.automation.helpFunctions.HelpFunctions waitForThePageObjectToBeLoadedToFindTheWebElement
INFO: The css string is div.email__label
Jun 05, 2019 2:03:49 PM com.automation.helpFunctions.HelpFunctions waitForThePageObjectToBeLoadedToFindTheWebElement
INFO:  Waiting for Page Object to be instantiated CB512DERZH loop nr 0
Jun 05, 2019 2:03:49 PM com.automation.pageObjects.AuthLoginPage enterLoginCredentials
INFO: Start typing the login credentials
Jun 05, 2019 2:03:49 PM com.automation.helpFunctions.HelpFunctions waitForThePageObjectToBeLoadedToFindTheWebElement
INFO: The css string is div.email__label
Jun 05, 2019 2:03:49 PM com.automation.helpFunctions.HelpFunctions waitForThePageObjectToBeLoadedToFindTheWebElement
INFO:  Waiting for Page Object to be instantiated 52RBB18123202825 loop nr 0
Jun 05, 2019 2:03:50 PM com.automation.helpFunctions.HelpFunctions waitForThePageObjectToBeLoadedToFindTheWebElement
INFO: In the loop  waiting for the Start Page CB512DERZH loop nr 0 for element div.email__label
Jun 05, 2019 2:03:50 PM com.automation.helpFunctions.HelpFunctions waitForThePageObjectToBeLoadedToFindTheWebElement
INFO: In the loop  waiting for the Start Page 52RBB18123202825 loop nr 0 for element div.email__label
Jun 05, 2019 2:03:53 PM com.automation.pageObjects.AuthLoginPage errorMessageTextIs
INFO: Get the error message to be verified 
Jun 05, 2019 2:03:53 PM com.automation.helpFunctions.HelpFunctions waitForThePageObjectToBeLoadedToFindTheWebElement
INFO: The css string is div.email__error
Jun 05, 2019 2:03:53 PM com.automation.helpFunctions.HelpFunctions waitForThePageObjectToBeLoadedToFindTheWebElement
INFO:  Waiting for Page Object to be instantiated CB512DERZH loop nr 0
Jun 05, 2019 2:03:54 PM com.automation.pageObjects.AuthLoginPage errorMessageTextIs
INFO: Get the error message to be verified 
Jun 05, 2019 2:03:54 PM com.automation.helpFunctions.HelpFunctions waitForThePageObjectToBeLoadedToFindTheWebElement
INFO: The css string is div.email__error
Jun 05, 2019 2:03:54 PM com.automation.helpFunctions.HelpFunctions waitForThePageObjectToBeLoadedToFindTheWebElement
INFO:  Waiting for Page Object to be instantiated 52RBB18123202825 loop nr 0
Jun 05, 2019 2:03:54 PM com.automation.helpFunctions.HelpFunctions waitForThePageObjectToBeLoadedToFindTheWebElement
INFO: In the loop  waiting for the Start Page CB512DERZH loop nr 0 for element div.email__error
Jun 05, 2019 2:03:54 PM com.automation.pageObjects.AuthLoginPage enterLoginCredentials
INFO: Start typing the login credentials
Jun 05, 2019 2:03:54 PM com.automation.helpFunctions.HelpFunctions waitForThePageObjectToBeLoadedToFindTheWebElement
INFO: The css string is div.email__label
Jun 05, 2019 2:03:54 PM com.automation.helpFunctions.HelpFunctions waitForThePageObjectToBeLoadedToFindTheWebElement
INFO:  Waiting for Page Object to be instantiated CB512DERZH loop nr 0
Jun 05, 2019 2:03:55 PM com.automation.helpFunctions.HelpFunctions waitForThePageObjectToBeLoadedToFindTheWebElement
INFO: In the loop  waiting for the Start Page 52RBB18123202825 loop nr 0 for element div.email__error
Jun 05, 2019 2:03:55 PM com.automation.pageObjects.AuthLoginPage enterLoginCredentials
INFO: Start typing the login credentials
Jun 05, 2019 2:03:55 PM com.automation.helpFunctions.HelpFunctions waitForThePageObjectToBeLoadedToFindTheWebElement
INFO: The css string is div.email__label
Jun 05, 2019 2:03:55 PM com.automation.helpFunctions.HelpFunctions waitForThePageObjectToBeLoadedToFindTheWebElement
INFO:  Waiting for Page Object to be instantiated 52RBB18123202825 loop nr 0
Jun 05, 2019 2:03:55 PM com.automation.helpFunctions.HelpFunctions waitForThePageObjectToBeLoadedToFindTheWebElement
INFO: In the loop  waiting for the Start Page CB512DERZH loop nr 0 for element div.email__label
Jun 05, 2019 2:03:56 PM com.automation.helpFunctions.HelpFunctions waitForThePageObjectToBeLoadedToFindTheWebElement
INFO: In the loop  waiting for the Start Page 52RBB18123202825 loop nr 0 for element div.email__label
Jun 05, 2019 2:03:57 PM com.automation.pageObjects.AuthLoginPage errorMessageTextIs
INFO: Get the error message to be verified 
Jun 05, 2019 2:03:57 PM com.automation.helpFunctions.HelpFunctions waitForThePageObjectToBeLoadedToFindTheWebElement
INFO: The css string is div.email__error
Jun 05, 2019 2:03:57 PM com.automation.helpFunctions.HelpFunctions waitForThePageObjectToBeLoadedToFindTheWebElement
INFO:  Waiting for Page Object to be instantiated CB512DERZH loop nr 0
Jun 05, 2019 2:03:58 PM com.automation.helpFunctions.HelpFunctions waitForThePageObjectToBeLoadedToFindTheWebElement
INFO: In the loop  waiting for the Start Page CB512DERZH loop nr 0 for element div.email__error
Jun 05, 2019 2:03:58 PM com.automation.pageObjects.AuthLoginPage enterLoginCredentials
INFO: Start typing the login credentials
Jun 05, 2019 2:03:58 PM com.automation.helpFunctions.HelpFunctions waitForThePageObjectToBeLoadedToFindTheWebElement
INFO: The css string is div.email__label
Jun 05, 2019 2:03:58 PM com.automation.helpFunctions.HelpFunctions waitForThePageObjectToBeLoadedToFindTheWebElement
INFO:  Waiting for Page Object to be instantiated CB512DERZH loop nr 0
Jun 05, 2019 2:03:59 PM com.automation.pageObjects.AuthLoginPage errorMessageTextIs
INFO: Get the error message to be verified 
Jun 05, 2019 2:03:59 PM com.automation.helpFunctions.HelpFunctions waitForThePageObjectToBeLoadedToFindTheWebElement
INFO: The css string is div.email__error
Jun 05, 2019 2:03:59 PM com.automation.helpFunctions.HelpFunctions waitForThePageObjectToBeLoadedToFindTheWebElement
INFO:  Waiting for Page Object to be instantiated 52RBB18123202825 loop nr 0
Jun 05, 2019 2:03:59 PM com.automation.helpFunctions.HelpFunctions waitForThePageObjectToBeLoadedToFindTheWebElement
INFO: In the loop  waiting for the Start Page CB512DERZH loop nr 0 for element div.email__label
Jun 05, 2019 2:04:00 PM com.automation.helpFunctions.HelpFunctions waitForThePageObjectToBeLoadedToFindTheWebElement
INFO: In the loop  waiting for the Start Page 52RBB18123202825 loop nr 0 for element div.email__error
Jun 05, 2019 2:04:02 PM com.automation.pageObjects.AuthLoginPage enterLoginCredentials
INFO: Start typing the login credentials
Jun 05, 2019 2:04:02 PM com.automation.helpFunctions.HelpFunctions waitForThePageObjectToBeLoadedToFindTheWebElement
INFO: The css string is div.email__label
Jun 05, 2019 2:04:02 PM com.automation.helpFunctions.HelpFunctions waitForThePageObjectToBeLoadedToFindTheWebElement
INFO:  Waiting for Page Object to be instantiated CB512DERZH loop nr 0
Jun 05, 2019 2:04:03 PM com.automation.helpFunctions.HelpFunctions waitForThePageObjectToBeLoadedToFindTheWebElement
INFO: In the loop  waiting for the Start Page CB512DERZH loop nr 0 for element div.email__label
Jun 05, 2019 2:04:05 PM com.automation.pageObjects.AuthLoginPage errorMessageTextIs
INFO: Get the error message to be verified 
Jun 05, 2019 2:04:05 PM com.automation.helpFunctions.HelpFunctions waitForThePageObjectToBeLoadedToFindTheWebElement
INFO: The css string is div.email__error
Jun 05, 2019 2:04:05 PM com.automation.helpFunctions.HelpFunctions waitForThePageObjectToBeLoadedToFindTheWebElement
INFO:  Waiting for Page Object to be instantiated CB512DERZH loop nr 0
Jun 05, 2019 2:04:05 PM com.automation.config.EnvironmentConfig appiumServerUrl
INFO: appiumIp is 127.0.0.1
Jun 05, 2019 2:04:06 PM com.automation.helpFunctions.HelpFunctions waitForThePageObjectToBeLoadedToFindTheWebElement
INFO: In the loop  waiting for the Start Page CB512DERZH loop nr 0 for element div.email__error
]]></system-err>
</testsuite>
