<?xml version="1.0" encoding="UTF-8"?>
<!-- Generated by org.testng.reporters.JUnitReportReporter -->
<testsuite name="com.automation.testCases.Login.LoginFromStartViewTest" tests="8" time="53.275" ignored="4" failures="0" timestamp="05 Jun 2019 12:04:08 GMT" skipped="0" hostname="DESKTOP-CCGNHEN" errors="0">
  <testcase name="fromStartpageLoginWitDdifferentWrongCredential" time="3.938" classname="com.automation.testCases.Login.LoginFromStartViewTest"/>
  <testcase name="fromStartpageLoginWitDdifferentWrongCredential" time="5.504" classname="com.automation.testCases.Login.LoginFromStartViewTest"/>
  <testcase name="fromStartpageLoginWithWrongCredential" time="14.788" classname="com.automation.testCases.Login.LoginFromStartViewTest"/>
  <testcase name="fromStartpageLoginWithWrongCredential" time="10.110" classname="com.automation.testCases.Login.LoginFromStartViewTest"/>
  <testcase name="fromStartpageLoginWitDdifferentWrongCredential" time="5.393" classname="com.automation.testCases.Login.LoginFromStartViewTest"/>
  <testcase name="fromStartpageLoginWitDdifferentWrongCredential" time="5.376" classname="com.automation.testCases.Login.LoginFromStartViewTest"/>
  <testcase name="fromStartpageLoginWitDdifferentWrongCredential" time="4.149" classname="com.automation.testCases.Login.LoginFromStartViewTest"/>
  <testcase name="fromStartpageLoginWitDdifferentWrongCredential" time="4.017" classname="com.automation.testCases.Login.LoginFromStartViewTest"/>
  <testcase name="stopAppiumServers" classname="com.automation.config.BaseTest">
    <skipped/>
  </testcase> <!-- stopAppiumServers -->
  <testcase name="stopAppiumServers" classname="com.automation.config.BaseTest">
    <skipped/>
  </testcase> <!-- stopAppiumServers -->
  <testcase name="startAppiumServers" classname="com.automation.config.BaseTest">
    <skipped/>
  </testcase> <!-- startAppiumServers -->
  <testcase name="startAppiumServers" classname="com.automation.config.BaseTest">
    <skipped/>
  </testcase> <!-- startAppiumServers -->
</testsuite> <!-- com.automation.testCases.Login.LoginFromStartViewTest -->
