<?xml version="1.0" encoding="UTF-8"?>
<!-- Generated by org.testng.reporters.JUnitReportReporter -->
<testsuite name="com.automation.testCases.Signup.SignUpTest" tests="2" time="130.797" ignored="4" failures="0" timestamp="05 Jun 2019 12:04:08 GMT" skipped="0" hostname="DESKTOP-CCGNHEN" errors="0">
  <testcase name="createAccountInTheSignupFlowAndThenDeactivateTheAccount" time="71.938" classname="com.automation.testCases.Signup.SignUpTest"/>
  <testcase name="createAccountInTheSignupFlowAndThenDeactivateTheAccount" time="58.859" classname="com.automation.testCases.Signup.SignUpTest"/>
  <testcase name="stopAppiumServers" classname="com.automation.config.BaseTest">
    <skipped/>
  </testcase> <!-- stopAppiumServers -->
  <testcase name="stopAppiumServers" classname="com.automation.config.BaseTest">
    <skipped/>
  </testcase> <!-- stopAppiumServers -->
  <testcase name="startAppiumServers" classname="com.automation.config.BaseTest">
    <skipped/>
  </testcase> <!-- startAppiumServers -->
  <testcase name="startAppiumServers" classname="com.automation.config.BaseTest">
    <skipped/>
  </testcase> <!-- startAppiumServers -->
</testsuite> <!-- com.automation.testCases.Signup.SignUpTest -->
